version https://git-lfs.github.com/spec/v1
oid sha256:6164f085c8628255ba6eb12b09dda078fc18f8fc7833c89b3dec3fe811aa1f85
size 286
